<?xml version="1.0" encoding="UTF-8"?>
<testsuite xmlns:xsi="http://www.w3.org/2001/XMLSchema-instance" xsi:noNamespaceSchemaLocation="https://maven.apache.org/surefire/maven-surefire-plugin/xsd/surefire-test-report.xsd" name="com.backend.vaccinebookingsystem.service.BookingDetailServiceTest" time="0.958" tests="5" errors="0" skipped="0" failures="0">
  <properties>
[...]
</properties>
  <testcase name="updateBookingDetailByIdSuccess_Test" classname="com.backend.vaccinebookingsystem.service.BookingDetailServiceTest" time="0.276"/>
  <testcase name="getAllBookingDetailsSuccess_Test" classname="com.backend.vaccinebookingsystem.service.BookingDetailServiceTest" time="0.072"/>
  <testcase name="deleteBookingDetailByIdSuccess_Test" classname="com.backend.vaccinebookingsystem.service.BookingDetailServiceTest" time="0.044"/>
  <testcase name="createBookingDetailSuccess_Test" classname="com.backend.vaccinebookingsystem.service.BookingDetailServiceTest" time="0.074"/>
  <testcase name="searchBookingDetailByIdSuccess_Test" classname="com.backend.vaccinebookingsystem.service.BookingDetailServiceTest" time="0.048"/>
</testsuite>